"../../../Demo_001/Content/Game/Meshs/Dodecahdron/DodecahdronSkeletatal_Skeleton.uasset" 0
"../../../Demo_001/Content/Game/Animations/ChangeWeaponAnimation_Anim.uasset" 1
"../../../Demo_001/Content/Game/Animations/AM_ChangeWeapon.uasset" 2
"../../../Demo_001/Content/Game/Animations/ReloadAnimation_Anim.uasset" 3
"../../../Demo_001/Content/Game/Animations/AM_Reload.uasset" 4
"../../../Demo_001/Content/Game/Animations/IdleAnimation_Anim.uasset" 5
"../../../Demo_001/Content/Game/Animations/MC_AnimBP.uasset" 6
"../../../Engine/Content/EditorBlueprintResources/StandardMacros.uasset" 7
"../../../Demo_001/Content/Game/Components/BP_WeaponSMC.uasset" 8
"../../../Demo_001/Content/ForTest/TrailMat.uasset" 9
"../../../Demo_001/Content/Game/Meshs/Mat/M_Dodecahdron.uasset" 10
"../../../Engine/Content/Functions/Engine_MaterialFunctions01/Opacity/CameraDepthFade.uasset" 11
"../../../Engine/Content/EngineMaterials/T_Default_Material_Grid_M.uasset" 12
"../../../Engine/Content/EngineMaterials/T_Default_Material_Grid_N.uasset" 13
"../../../Engine/Content/EngineMaterials/WorldGridMaterial.uasset" 14
"../../../Demo_001/Content/Game/Meshs/Dodecahdron/DodecahdronTest.uasset" 15
"../../../Demo_001/Content/Game/Meshs/Weapons/NewLaserMesh.uasset" 16
"../../../Demo_001/Content/Game/Meshs/Weapons/WeaponPointer.uasset" 17
"../../../Demo_001/Content/Game/Particles/Mat/M_Trail.uasset" 18
"../../../Demo_001/Content/Game/Particles/Char/P_AnimTrail.uasset" 19
"../../../Engine/Content/Functions/Engine_MaterialFunctions01/Density/ExponentialDensity.uasset" 20
"../../../Engine/Content/Functions/Engine_MaterialFunctions01/Gradient/RadialGradientExponential.uasset" 21
"../../../Demo_001/Content/Game/Particles/Mat/M_RadialGrad.uasset" 22
"../../../Demo_001/Content/Game/Particles/Mat/M_SimpleRibbon.uasset" 23
"../../../Demo_001/Content/Game/Particles/P_TestFire.uasset" 24
"../../../Demo_001/Content/Game/Particles/Proj/P_BeamFire.uasset" 25
"../../../Demo_001/Content/Game/Character/Weapons/BP_MC_LaserBeam.uasset" 26
"../../../Demo_001/Content/Game/Meshs/Mat/M_BulletMesh.uasset" 27
"../../../Demo_001/Content/Game/Meshs/Mat/MI_BulletMesh.uasset" 28
"../../../Demo_001/Content/Game/Meshs/FustBullet_v2.uasset" 29
"../../../Demo_001/Content/Game/Materials/M_SimpleUnlit.uasset" 30
"../../../Engine/Content/Functions/Engine_MaterialFunctions01/Gradient/LinearGradient.uasset" 31
"../../../Engine/Content/Functions/Engine_MaterialFunctions01/ImageAdjustment/CheapContrast.uasset" 32
"../../../Demo_001/Content/Game/Particles/Mat/Textures/sparkle-png-24.uasset" 33
"../../../Demo_001/Content/Game/Particles/Mat/M_Sparkle.uasset" 34
"../../../Demo_001/Content/Game/Particles/Mat/MI_Sparkle1.uasset" 35
"../../../Demo_001/Content/Game/Meshs/HitPartMesh.uasset" 36
"../../../Demo_001/Content/Game/Particles/Proj/P_CharHit.uasset" 37
"../../../Demo_001/Content/Game/Materials/M_SimpleTranslucent.uasset" 38
"../../../Demo_001/Content/Game/Particles/Proj/P_FustBulletTrail.uasset" 39
"../../../Demo_001/Content/Game/Character/Weapons/Projectails/BP_FastBullet.uasset" 40
"../../../Demo_001/Content/StarterContent/Textures/T_MacroVariation.uasset" 41
"../../../Demo_001/Content/StarterContent/Textures/T_Metal_Gold_D.uasset" 42
"../../../Demo_001/Content/StarterContent/Textures/T_Metal_Gold_N.uasset" 43
"../../../Demo_001/Content/StarterContent/Materials/M_Metal_Gold.uasset" 44
"../../../Demo_001/Content/Game/Meshs/Weapons/NewRifleMesh.uasset" 45
"../../../Demo_001/Content/Game/Particles/Mat/Textures/T_Tech_Hex_Tile_M.uasset" 46
"../../../Demo_001/Content/Game/Particles/Mat/M_ReloadSphere.uasset" 47
"../../../Demo_001/Content/Game/Particles/Mat/M_ReloadSphere_Inst.uasset" 48
"../../../Demo_001/Content/Game/Meshs/M_Basic_Wall.uasset" 49
"../../../Demo_001/Content/Game/Meshs/UsualSphere.uasset" 50
"../../../Demo_001/Content/Game/Particles/Char/P_ReloadParticle.uasset" 51
"../../../Demo_001/Content/Game/Particles/Proj/P_ShotGunFire.uasset" 52
"../../../Demo_001/Content/Game/Character/Weapons/BP_MC_Rifle.uasset" 53
"../../../Demo_001/Content/Game/Meshs/Mat/MI_Dodecahdron.uasset" 54
"../../../Demo_001/Content/Game/HUD/UI_MCHUD.uasset" 55
"../../../Demo_001/Content/Game/HUD/UI_Options.uasset" 56
"../../../Demo_001/Content/ExampleContent/Effects/Materials/M_beam_ramp.uasset" 57
"../../../Engine/Content/Functions/Engine_MaterialFunctions01/Gradient/RadialGradient.uasset" 58
"../../../Demo_001/Content/ExampleContent/Effects/Materials/M_radial_ramp.uasset" 59
"../../../Demo_001/Content/ExampleContent/Effects/ParticleSystems/P_electricity_arc.uasset" 60
"../../../Demo_001/Content/Game/Materials/Textures/FiveAngle.uasset" 61
"../../../Demo_001/Content/Game/Materials/M_SimpleFiveAngle.uasset" 62
"../../../Demo_001/Content/Game/Particles/Char/P_Respawn.uasset" 63
"../../../Demo_001/Content/Game/Levels/RestartActor.uasset" 64
"../../../Demo_001/Content/Game/HUD/GO_Screen.uasset" 65
"../../../Demo_001/Content/Game/Meshs/Dodecahdron/DodecahdronSkeletatal_PhysicsAsset.uasset" 66
"../../../Demo_001/Content/Game/Meshs/Dodecahdron/DodecahdronSkeletatal.uasset" 67
"../../../Demo_001/Content/Game/Meshs/Dodecahdron_GoodOne.uasset" 68
"../../../Demo_001/Content/Game/Meshs/SM_TrailMesh.uasset" 69
"../../../Demo_001/Content/Game/Particles/Char/P_BotDead.uasset" 70
"../../../Demo_001/Content/Game/Particles/Mat/M_SpiningMat.uasset" 71
"../../../Demo_001/Content/Game/Particles/Char/P_Spining.uasset" 72
"../../../Demo_001/Content/Game/Particles/Proj/P_BolvanBulletTrail.uasset" 73
"../../../Demo_001/Content/Game/Character/BP_MC_Char.uasset" 74
"../../../Demo_001/Content/Game/Materials/Textures/KTng66gTq.uasset" 75
"../../../Demo_001/Content/Game/Materials/CrossHair.uasset" 76
"../../../Demo_001/Content/Game/HUD/BP_GameHUD.uasset" 77
"../../../Demo_001/Content/Game/Levels/BP_TestGameMode.uasset" 78
"../../../Engine/Content/EditorMaterials/MAT_Groups_Toggle.uasset" 79
"../../../Engine/Content/EditorMaterials/MAT_Groups_Visibility.uasset" 80
"../../../Engine/Content/EditorMaterials/PhAT_BoneSelectedMaterial.uasset" 81
"../../../Engine/Content/EditorMaterials/PhAT_ElemSelectedMaterial.uasset" 82
"../../../Engine/Content/EditorMaterials/PhAT_NoCollisionMaterial.uasset" 83
"../../../Engine/Content/EditorMaterials/PhAT_UnselectedMaterial.uasset" 84
"../../../Engine/Content/EditorMaterials/PreviewShadowIndicator.uasset" 85
"../../../Engine/Content/EditorMaterials/PreviewShadowIndicatorMaterial.uasset" 86
"../../../Engine/Content/EditorMaterials/TargetIcon.uasset" 87
"../../../Engine/Content/EditorMaterials/Tick.uasset" 88
"../../../Engine/Content/EditorMaterials/Tick_Mat.uasset" 89
"../../../Engine/Content/EditorMaterials/WidgetGridVertexColorMaterial.uasset" 90
"../../../Engine/Content/EditorMaterials/WidgetGridVertexColorMaterial_Ma.uasset" 91
"../../../Engine/Content/EditorMaterials/WidgetMaterial.uasset" 92
"../../../Engine/Content/EditorMaterials/WidgetMaterial_Current.uasset" 93
"../../../Engine/Content/EditorMaterials/WidgetMaterial_X.uasset" 94
"../../../Engine/Content/EditorMaterials/WidgetMaterial_Y.uasset" 95
"../../../Engine/Content/EditorMaterials/WidgetMaterial_Z.uasset" 96
"../../../Engine/Content/EditorMaterials/WidgetVertexColorMaterial.uasset" 97
"../../../Engine/Content/EditorMaterials/AssetViewer/EpicQuadPanorama_CC+EV1.uasset" 98
"../../../Engine/Content/EditorMaterials/MatineeGroups/MAT_ColorTrack.uasset" 99
"../../../Engine/Content/EditorMaterials/MatineeGroups/MAT_Groups_Anim.uasset" 100
"../../../Engine/Content/EditorMaterials/MatineeGroups/MAT_Groups_AudioMaster.uasset" 101
"../../../Engine/Content/EditorMaterials/MatineeGroups/MAT_Groups_Director.uasset" 102
"../../../Engine/Content/EditorMaterials/MatineeGroups/MAT_Groups_Event.uasset" 103
"../../../Engine/Content/EditorMaterials/MatineeGroups/MAT_Groups_Fade.uasset" 104
"../../../Engine/Content/EditorMaterials/MatineeGroups/MAT_Groups_Float.uasset" 105
"../../../Engine/Content/EditorMaterials/MatineeGroups/MAT_Groups_Move.uasset" 106
"../../../Engine/Content/EditorMaterials/MatineeGroups/MAT_Groups_Slomo.uasset" 107
"../../../Engine/Content/EditorMaterials/MatineeGroups/MAT_Groups_Sound.uasset" 108
"../../../Engine/Content/EditorMaterials/MatineeGroups/MAT_Groups_Vector.uasset" 109
"../../../Engine/Content/EditorMaterials/ParticleSystems/PSysThumbnail_NoImage.uasset" 110
"../../../Engine/Content/EditorMaterials/ParticleSystems/PSysThumbnail_OOD.uasset" 111
"../../../Engine/Content/EngineMaterials/Grid.uasset" 112
"../../../Engine/Content/EditorMaterials/Thumbnails/FloorPlaneMaterial.uasset" 113
"../../../Engine/Content/EditorMeshes/EditorCylinder.uasset" 114
"../../../Engine/Content/EditorMeshes/EditorPlane.uasset" 115
"../../../Engine/Content/EditorMaterials/Thumbnails/SkySphereMaterial.uasset" 116
"../../../Engine/Content/EditorMeshes/EditorSkySphere.uasset" 117
"../../../Engine/Content/EditorMeshes/EditorSphere.uasset" 118
"../../../Engine/Content/EditorResources/MatineeCam_D.uasset" 119
"../../../Engine/Content/EditorMaterials/MatineeCam_mat.uasset" 120
"../../../Engine/Content/EditorMeshes/MatineeCam_SM.uasset" 121
"../../../Engine/Content/EditorMaterials/Camera/CineMat.uasset" 122
"../../../Engine/Content/EditorMaterials/Camera/MI_CineMat_CameraBody.uasset" 123
"../../../Engine/Content/EngineDebugMaterials/M_SimpleOpaque.uasset" 124
"../../../Engine/Content/EditorMaterials/Camera/MI_CineMat_CamViewFinder.uasset" 125
"../../../Engine/Content/EditorMeshes/Camera/SM_CineCam.uasset" 126
"../../../Engine/Content/EditorMaterials/Camera/MI_CineMat_Rig.uasset" 127
"../../../Engine/Content/EditorMeshes/Camera/SM_CraneRig_Arm.uasset" 128
"../../../Engine/Content/EditorMeshes/Camera/SM_CraneRig_Base.uasset" 129
"../../../Engine/Content/EditorMeshes/Camera/SM_CraneRig_Body.uasset" 130
"../../../Engine/Content/EditorMeshes/Camera/SM_CraneRig_Mount.uasset" 131
"../../../Engine/Content/EditorMeshes/Camera/SM_RailRig_Mount.uasset" 132
"../../../Engine/Content/EditorMeshes/Camera/SM_RailRig_Track.uasset" 133
"../../../Engine/Content/EditorMeshes/ColorCalibrator/M_ChromeBall.uasset" 134
"../../../Engine/Content/EditorMeshes/ColorCalibrator/M_ClearCoat.uasset" 135
"../../../Engine/Content/EditorMeshes/ColorCalibrator/M_ClearCoatBlack.uasset" 136
"../../../Engine/Content/EditorMeshes/ColorCalibrator/T_ColorGrid.uasset" 137
"../../../Engine/Content/EditorMeshes/ColorCalibrator/M_ColorGrid.uasset" 138
"../../../Engine/Content/EditorMeshes/ColorCalibrator/M_GreyBall.uasset" 139
"../../../Engine/Content/EditorMeshes/ColorCalibrator/SM_ColorCalibrator.uasset" 140
"../../../Engine/Content/EditorResources/Bad.uasset" 141
"../../../Engine/Content/EditorResources/BSPVertex.uasset" 142
"../../../Engine/Content/EditorResources/EmptyActor.uasset" 143
"../../../Engine/Content/EditorResources/MatInstActSprite.uasset" 144
"../../../Engine/Content/EditorResources/RGBTable16x1_AssetViewer.uasset" 145
"../../../Engine/Content/EditorResources/SceneManager.uasset" 146
"../../../Engine/Content/EditorResources/SmallFont.uasset" 147
"../../../Engine/Content/EditorResources/S_Actor.uasset" 148
"../../../Engine/Content/EditorResources/S_DecalActorIcon.uasset" 149
"../../../Engine/Content/EditorResources/S_Emitter.uasset" 150
"../../../Engine/Content/EditorResources/S_ExpoHeightFog.uasset" 151
"../../../Engine/Content/EditorResources/S_FTest.uasset" 152
"../../../Engine/Content/EditorResources/S_KBSJoint.uasset" 153
"../../../Engine/Content/EditorResources/S_KHinge.uasset" 154
"../../../Engine/Content/EditorResources/S_KPrismatic.uasset" 155
"../../../Engine/Content/EditorResources/S_LevelSequence.uasset" 156
"../../../Engine/Content/EditorResources/S_NavP.uasset" 157
"../../../Engine/Content/EditorResources/S_Note.uasset" 158
"../../../Engine/Content/EditorResources/S_Player.uasset" 159
"../../../Engine/Content/EditorResources/S_PortalActorIcon2.uasset" 160
"../../../Engine/Content/EditorResources/S_RadForce.uasset" 161
"../../../Engine/Content/EditorResources/S_ReflActorIcon.uasset" 162
"../../../Engine/Content/EditorResources/S_Terrain.uasset" 163
"../../../Engine/Content/EditorResources/S_TextRenderActorIcon.uasset" 164
"../../../Engine/Content/EditorResources/S_Thruster.uasset" 165
"../../../Engine/Content/EditorResources/S_Trigger.uasset" 166
"../../../Engine/Content/EditorResources/S_VectorFieldVol.uasset" 167
"../../../Engine/Content/EditorResources/S_WindDirectional.uasset" 168
"../../../Engine/Content/EditorResources/AI/S_NavLink.uasset" 169
"../../../Engine/Content/EditorResources/LightIcons/SkyLight.uasset" 170
"../../../Engine/Content/EditorResources/LightIcons/S_LightDirectional.uasset" 171
"../../../Engine/Content/EditorResources/LightIcons/S_LightDirectionalMove.uasset" 172
"../../../Engine/Content/EditorResources/LightIcons/S_LightError.uasset" 173
"../../../Engine/Content/EditorResources/LightIcons/S_LightPoint.uasset" 174
"../../../Engine/Content/EditorResources/LightIcons/S_LightPointMove.uasset" 175
"../../../Engine/Content/EditorResources/LightIcons/S_LightSpot.uasset" 176
"../../../Engine/Content/EditorResources/LightIcons/S_LightSpotMove.uasset" 177
"../../../Engine/Content/EditorResources/SequenceRecorder/Countdown.uasset" 178
"../../../Engine/Content/EditorResources/SequenceRecorder/RecordingIndicator.uasset" 179
"../../../Engine/Content/EditorResources/Spline/T_Loft_Spline.uasset" 180
"../../../Engine/Content/EditorSounds/Notifications/CompileFailed.uasset" 181
"../../../Engine/Content/EditorSounds/Notifications/CompileFailed_Cue.uasset" 182
"../../../Engine/Content/EditorSounds/Notifications/CompileSuccess.uasset" 183
"../../../Engine/Content/EditorSounds/Notifications/CompileStart_Cue.uasset" 184
"../../../Engine/Content/EditorSounds/Notifications/CompileSuccess_Cue.uasset" 185
"../../../Engine/Content/EngineDamageTypes/DmgTypeBP_Environmental.uasset" 186
"../../../Engine/Content/EngineDebugMaterials/HeatmapGradient.uasset" 187
"../../../Engine/Content/EngineDebugMaterials/BoneWeightMaterial.uasset" 188
"../../../Engine/Content/EngineDebugMaterials/DebugMeshMaterial.uasset" 189
"../../../Engine/Content/EngineDebugMaterials/GeomMaterial.uasset" 190
"../../../Engine/Content/Functions/Engine_MaterialFunctions01/Shading/ConvertFromDiffSpec.uasset" 191
"../../../Engine/Content/EngineDebugMaterials/LevelColorationLitMaterial.uasset" 192
"../../../Engine/Content/EngineDebugMaterials/LevelColorationUnlitMaterial.uasset" 193
"../../../Engine/Content/EngineMaterials/DefaultWhiteGrid.uasset" 194
"../../../Engine/Content/EngineDebugMaterials/MAT_LevelColorationLitLightmapUV.uasset" 195
"../../../Engine/Content/EngineDebugMaterials/M_SimpleTranslucent.uasset" 196
"../../../Engine/Content/EngineDebugMaterials/ShadedLevelColorationLitMaterial.uasset" 197
"../../../Engine/Content/EngineDebugMaterials/ShadedLevelColorationUnlitMateri.uasset" 198
"../../../Engine/Content/EngineDebugMaterials/VertexColorMaterial.uasset" 199
"../../../Engine/Content/EngineDebugMaterials/VertexColorViewMode_AlphaAsColor.uasset" 200
"../../../Engine/Content/EngineDebugMaterials/VertexColorViewMode_BlueOnly.uasset" 201
"../../../Engine/Content/EngineDebugMaterials/VertexColorViewMode_ColorOnly.uasset" 202
"../../../Engine/Content/EngineDebugMaterials/VertexColorViewMode_GreenOnly.uasset" 203
"../../../Engine/Content/EngineDebugMaterials/VertexColorViewMode_RedOnly.uasset" 204
"../../../Engine/Content/EngineDebugMaterials/WireframeMaterial.uasset" 205
"../../../Engine/Content/EngineFonts/Roboto.uasset" 206
"../../../Engine/Content/EngineFonts/RobotoTiny.uasset" 207
"../../../Engine/Content/EngineFonts/SmallFont.uasset" 208
"../../../Engine/Content/EngineFonts/TinyFont.uasset" 209
"../../../Engine/Content/EngineResources/WhiteSquareTexture.uasset" 210
"../../../Engine/Content/EngineMaterials/BlinkingCaret.uasset" 211
"../../../Engine/Content/EngineMaterials/DefaultBokeh.uasset" 212
"../../../Engine/Content/EngineMaterials/DefaultDiffuse.uasset" 213
"../../../Engine/Content/EngineMaterials/DefaultDeferredDecalMaterial.uasset" 214
"../../../Engine/Content/EngineMaterials/DefaultLightFunctionMaterial.uasset" 215
"../../../Engine/Content/EngineMaterials/DefaultNormal.uasset" 216
"../../../Engine/Content/Functions/Engine_MaterialFunctions02/Utility/BreakOutFloat2Components.uasset" 217
"../../../Engine/Content/EngineMaterials/DefaultPostProcessMaterial.uasset" 218
"../../../Engine/Content/EngineFonts/RobotoDistanceField.uasset" 219
"../../../Engine/Content/EngineMaterials/DefaultTextMaterialOpaque.uasset" 220
"../../../Engine/Content/EngineMaterials/EditorBrushMaterial.uasset" 221
"../../../Engine/Content/EngineMaterials/Good64x64TilingNoiseHighFreq.uasset" 222
"../../../Engine/Content/EngineMaterials/Grid_N.uasset" 223
"../../../Engine/Content/EngineMaterials/HighResolutionScreenshotMaskFunction.uasset" 224
"../../../Engine/Content/EngineMaterials/HighResScreenshot.uasset" 225
"../../../Engine/Content/EngineMaterials/HighResScreenshotCaptureRegion.uasset" 226
"../../../Engine/Content/EngineMaterials/HighResScreenshotMask.uasset" 227
"../../../Engine/Content/EngineMaterials/LandscapeHolePhysicalMaterial.uasset" 228
"../../../Engine/Content/EngineMaterials/InvalidLightmapSettings.uasset" 229
"../../../Engine/Content/EngineMaterials/M_InvalidLightmapSettings.uasset" 230
"../../../Engine/Content/EngineMaterials/PaperDiffuse.uasset" 231
"../../../Engine/Content/EngineMaterials/PaperNormal.uasset" 232
"../../../Engine/Content/EngineMaterials/PhAT_JointLimitMaterial.uasset" 233
"../../../Engine/Content/EngineMaterials/PhysMat_Rubber.uasset" 234
"../../../Engine/Content/EngineMaterials/PreintegratedSkinBRDF.uasset" 235
"../../../Engine/Content/EngineMaterials/RemoveSurfaceMaterial.uasset" 236
"../../../Engine/Content/EngineMaterials/WeightMapPlaceholderTexture.uasset" 237
"../../../Engine/Content/EngineMaterials/Widget3DPassThrough.uasset" 238
"../../../Engine/Content/EngineMaterials/Widget3DPassThrough_Masked.uasset" 239
"../../../Engine/Content/EngineMaterials/Widget3DPassThrough_Opaque.uasset" 240
"../../../Engine/Content/EngineMaterials/Widget3DPassThrough_Masked_OneSided.uasset" 241
"../../../Engine/Content/EngineMaterials/Widget3DPassThrough_Opaque_OneSided.uasset" 242
"../../../Engine/Content/EngineMaterials/Widget3DPassThrough_Translucent.uasset" 243
"../../../Engine/Content/EngineMaterials/Widget3DPassThrough_Translucent_OneSided.uasset" 244
"../../../Engine/Content/EngineMaterials/DefaultMaterial.uasset" 245
"../../../Engine/Content/EngineMeshes/Cube.uasset" 246
"../../../Engine/Content/EngineMeshes/Cylinder.uasset" 247
"../../../Engine/Content/EngineMeshes/Sphere.uasset" 248
"../../../Engine/Content/EngineResources/AICON-Green.uasset" 249
"../../../Engine/Content/EngineResources/AICON-Red.uasset" 250
"../../../Engine/Content/EngineResources/Black.uasset" 251
"../../../Engine/Content/EngineResources/DefaultTexture.uasset" 252
"../../../Engine/Content/EngineResources/DefaultTextureCube.uasset" 253
"../../../Engine/Content/EngineResources/GradientTexture0.uasset" 254
"../../../Engine/Content/EngineResources/StreamingPauseIcon.uasset" 255
"../../../Engine/Content/EngineResources/M_StreamingPause.uasset" 256
"../../../Engine/Content/EngineSounds/Master.uasset" 257
"../../../Engine/Content/EngineSounds/MasterSubmix.uasset" 258
"../../../Engine/Content/EngineTireTypes/DefaultTireType.uasset" 259
"../../../Engine/Content/Functions/Engine_MaterialFunctions01/Shading/PowerToRoughness.uasset" 260
"../../../Engine/Content/Maps/Templates/Thumbnails/Default.uasset" 261
"../../../Engine/Content/Maps/Templates/Thumbnails/VR-Basic.uasset" 262
"../../../Engine/Content/MapTemplates/Sky/DaylightAmbientCubemap.uasset" 263
"../../../Engine/Content/MobileResources/T_MobileControls_texture.uasset" 264
"../../../Engine/Content/MobileResources/T_MobileMenu2.uasset" 265
"../../../Engine/Content/MobileResources/HUD/AnalogHat.uasset" 266
"../../../Engine/Content/MobileResources/HUD/VirtualJoystick_Background.uasset" 267
"../../../Engine/Content/MobileResources/HUD/VirtualJoystick_Thumb.uasset" 268
"../../../Engine/Content/MobileResources/HUD/DefaultVirtualJoysticks.uasset" 269
"../../../Engine/Content/MobileResources/HUD/LeftVirtualJoystickOnly.uasset" 270
"../../../Engine/Content/MobileResources/HUD/MobileHUDButton1_off.uasset" 271
"../../../Engine/Content/MobileResources/HUD/MobileHUDButton1_on.uasset" 272
"../../../Engine/Content/MobileResources/HUD/MobileHUDButton2_off.uasset" 273
"../../../Engine/Content/MobileResources/HUD/MobileHUDButton2_on.uasset" 274
"../../../Engine/Content/MobileResources/HUD/MobileHUDButton3.uasset" 275
"../../../Engine/Content/MobileResources/HUD/MobileHUDButtonFire.uasset" 276
"../../../Engine/Content/MobileResources/HUD/MobileHUDDirectionPad.uasset" 277
"../../../Engine/Content/MobileResources/HUD/MobileHUDDirectionPad2.uasset" 278
"../../../Engine/Content/MobileResources/HUD/MobileHUDDirectionPad3.uasset" 279
"../../../Engine/Content/MobileResources/HUD/MobileHUDDirectionStick.uasset" 280
"../../../Engine/Content/MobileResources/HUD/T_Castle_ThumbstickInner.uasset" 281
"../../../Engine/Content/MobileResources/HUD/T_Castle_ThumbstickOutter.uasset" 282
"../../../Engine/Content/Tutorial/ContentIntroCurve.uasset" 283
"../../../Engine/Content/Tutorial/Basics/TutorialAssets/icon_tab_Levels_40x.uasset" 284
"../../../Engine/Content/Tutorial/BlueprintTutorials/TutorialAssets/BlueprintInterface_64x.uasset" 285
"../../../Engine/Content/Tutorial/BlueprintTutorials/TutorialAssets/BlueprintMacroLibrary_64x.uasset" 286
"../../../Engine/Content/Tutorial/BlueprintTutorials/TutorialAssets/Blueprint_64x.uasset" 287
"../../../Engine/Content/Tutorial/BlueprintTutorials/TutorialAssets/Tutorial_BP_Interface.uasset" 288
"../../../Engine/Content/Tutorial/Foliage/TutorialAssets/Foliage.uasset" 289
"../../../Engine/Content/Tutorial/Landscape/TutorialAssets/Landscape.uasset" 290
"../../../Engine/Content/Tutorial/Paper2D/TutorialAssets/Paper2DFlipbook_TutorialIcon.uasset" 291
"../../../Engine/Content/Tutorial/Paper2D/TutorialAssets/Paper2DSprite_TutorialIcon.uasset" 292
"../../../Engine/Content/Tutorial/SubEditors/TutorialAssets/icon_Editor_Preferences_General_40x.uasset" 293
"../../../Engine/Content/Tutorial/SubEditors/TutorialAssets/icon_ShowSkeletalMeshes_40x.uasset" 294
"../../../Engine/Content/Tutorial/SubEditors/TutorialAssets/TutorialMaterial.uasset" 295
"../../../Engine/Content/Tutorial/SubEditors/TutorialAssets/T_SmokeSubUV_8X8.uasset" 296
"../../../Engine/Content/Tutorial/SubEditors/TutorialAssets/T_soft_smoke.uasset" 297
"../../../Engine/Content/Tutorial/SubEditors/TutorialAssets/M_smoke_subUV_blackbody.uasset" 298
"../../../Engine/Content/Tutorial/SubEditors/TutorialAssets/TutorialParticleSystem.uasset" 299
"../../../Engine/Content/EditorMeshes/EditorCube.uasset" 300
"../../../Engine/Content/Tutorial/SubEditors/TutorialAssets/Tutorial_DM.uasset" 301
"../../../Engine/Content/VREditor/Devices/Generic/GenericHMDMaterial.uasset" 302
"../../../Engine/Content/VREditor/Devices/Generic/GenericHMD.uasset" 303
"../../../Engine/Content/VREditor/FloatingText/LineMaterial.uasset" 304
"../../../Engine/Content/VREditor/FloatingText/JointSphere.uasset" 305
"../../../Engine/Content/VREditor/FloatingText/LineSegmentCylinder.uasset" 306
"../../../Engine/Content/VREditor/Fonts/VRText_RobotoLarge.uasset" 307
"../../../Engine/Content/VREditor/Fonts/VRTextMaterial.uasset" 308
"../../../Engine/Content/VREditor/Fonts/TranslucentVRTextMaterial.uasset" 309
"../../../Engine/Content/VREditor/LaserPointer/VR_LaserPower_01.uasset" 310
"../../../Engine/Content/VREditor/LaserPointer/LaserPointerMaterial.uasset" 311
"../../../Engine/Content/VREditor/LaserPointer/LaserPointerMaterialInst.uasset" 312
"../../../Engine/Content/VREditor/LaserPointer/TranslucentLaserPointerMaterialInst.uasset" 313
"../../../Engine/Content/VREditor/LaserPointer/LaserPointerMesh.uasset" 314
"../../../Engine/Content/VREditor/Sounds/VR_grab_Cue.uasset" 315
"../../../Engine/Content/VREditor/Sounds/VR_teleport_Cue.uasset" 316
"../../../Engine/Content/VREditor/TransformGizmo/TransformGizmoMaterial.uasset" 317
"../../../Engine/Content/VREditor/TransformGizmo/TranslucentTransformGizmoMaterial.uasset" 318
"../../../Engine/Content/VREditor/TransformGizmo/BoundingBoxCorner.uasset" 319
"../../../Engine/Content/VREditor/TransformGizmo/BoundingBoxEdge.uasset" 320
"../../../Engine/Content/VREditor/TransformGizmo/PlaneTranslationHandle.uasset" 321
"../../../Engine/Content/VREditor/TransformGizmo/RotationHandle.uasset" 322
"../../../Engine/Content/VREditor/TransformGizmo/RotationHandleFull.uasset" 323
"../../../Engine/Content/VREditor/TransformGizmo/StretchingHandle.uasset" 324
"../../../Engine/Content/VREditor/TransformGizmo/TranslateHandleLong.uasset" 325
"../../../Engine/Content/VREditor/TransformGizmo/TranslationHandle.uasset" 326
"../../../Engine/Content/VREditor/TransformGizmo/UniformScaleHandle.uasset" 327
"../../../Engine/Content/VREditor/UI/CloseButtonMesh.uasset" 328
"../../../Engine/Content/VREditor/UI/SelectionBarMesh.uasset" 329
"../../../Engine/Content/VREditor/WorldMovementGrid/SimpleGrid.uasset" 330
"../../../Engine/Content/VREditor/WorldMovementGrid/GridMaterial.uasset" 331
"../../../Engine/Content/VREditor/WorldMovementGrid/GridPostProcess.uasset" 332
"../../../Engine/Content/EditorLandscapeResources/FlattenHeightMat.uasset" 333
"../../../Engine/Content/VREditor/WorldMovementGrid/PlaneMesh.uasset" 334
"../../../Engine/Content/ArtTools/RenderToTexture/Meshes/S_1_Unit_Plane.uasset" 335
"../../../Engine/Content/BasicShapes/Cone.uasset" 336
"../../../Engine/Content/BasicShapes/Cylinder.uasset" 337
"../../../Engine/Content/BasicShapes/Sphere.uasset" 338
"../../../Engine/Content/EngineMaterials/DefaultPhysicalMaterial.uasset" 339
"../../../Engine/Content/BufferVisualization/AmbientOcclusion.uasset" 340
"../../../Engine/Content/BufferVisualization/BaseColor.uasset" 341
"../../../Engine/Content/BufferVisualization/CustomDepth.uasset" 342
"../../../Engine/Content/Functions/Engine_MaterialFunctions02/Utility/VectorLength.uasset" 343
"../../../Engine/Content/BufferVisualization/CustomDepthWorldUnits.uasset" 344
"../../../Engine/Content/Functions/Engine_MaterialFunctions01/Texturing/ScaleUVsByCenter.uasset" 345
"../../../Engine/Content/Functions/Engine_MaterialFunctions02/ScreenResolution.uasset" 346
"../../../Engine/Content/Functions/Engine_MaterialFunctions02/Texturing/ScreenAlignedUVs.uasset" 347
"../../../Engine/Content/Functions/Engine_MaterialFunctions02/Utility/MakeFloat2.uasset" 348
"../../../Engine/Content/Functions/Engine_MaterialFunctions02/Utility/MakeFloat3.uasset" 349
"../../../Engine/Content/EngineMaterials/MiniFont.uasset" 350
"../../../Engine/Content/BufferVisualization/CustomStencil.uasset" 351
"../../../Engine/Content/BufferVisualization/FinalImage.uasset" 352
"../../../Engine/Content/BufferVisualization/LightingModel.uasset" 353
"../../../Engine/Content/BufferVisualization/MaterialAO.uasset" 354
"../../../Engine/Content/BufferVisualization/Metallic.uasset" 355
"../../../Engine/Content/BufferVisualization/Opacity.uasset" 356
"../../../Engine/Content/BufferVisualization/PostTonemapHDRColor.uasset" 357
"../../../Engine/Content/BufferVisualization/PreTonemapHDRColor.uasset" 358
"../../../Engine/Content/BufferVisualization/Roughness.uasset" 359
"../../../Engine/Content/BufferVisualization/SceneColor.uasset" 360
"../../../Engine/Content/BufferVisualization/SceneDepth.uasset" 361
"../../../Engine/Content/BufferVisualization/SceneDepthWorldUnits.uasset" 362
"../../../Engine/Content/BufferVisualization/SeparateTranslucencyA.uasset" 363
"../../../Engine/Content/BufferVisualization/SeparateTranslucencyRGB.uasset" 364
"../../../Engine/Content/BufferVisualization/Specular.uasset" 365
"../../../Engine/Content/BufferVisualization/SubsurfaceColor.uasset" 366
"../../../Engine/Content/BufferVisualization/WorldNormal.uasset" 367
"../../../Engine/Content/EditorLandscapeResources/DataLayer.uasset" 368
"../../../Engine/Content/EditorLandscapeResources/DefaultAlphaTexture.uasset" 369
"../../../Engine/Content/EditorLandscapeResources/LandscapeGizmoHeight_Mat.uasset" 370
"../../../Engine/Content/EditorLandscapeResources/LandscapeGizmo_Mat.uasset" 371
"../../../Engine/Content/EditorLandscapeResources/LandscapeGizmo_Mat_Copied.uasset" 372
"../../../Engine/Content/EditorLandscapeResources/SplineEditorMeshMat.uasset" 373
"../../../Engine/Content/EditorLandscapeResources/SplineEditorMesh.uasset" 374
"../../../Engine/Content/EditorMaterials/Cross.uasset" 375
"../../../Engine/Content/EditorMaterials/Cross_Mat.uasset" 376
"../../../Engine/Content/EditorMaterials/GizmoMaterial.uasset" 377
"../../../Engine/Content/Functions/Engine_MaterialFunctions02/Utility/Sign.uasset" 378
"../../../Engine/Content/Functions/Engine_MaterialFunctions02/Utility/Round.uasset" 379
"../../../Engine/Content/Functions/Engine_MaterialFunctions02/ExampleContent/Textures/flipbook.uasset" 380
"../../../Engine/Content/Functions/Engine_MaterialFunctions02/Texturing/FlipBook.uasset" 381
"../../../Engine/Content/EditorResources/T_EditorHelp.uasset" 382
"../../../Engine/Content/EditorMaterials/HelpActorMaterial.uasset" 383
"../../../Engine/Content/EditorMaterials/CompositeARGBLayer.uasset" 384
"../../../Engine/Content/EditorMaterials/TilingAALineIntegral.uasset" 385
"../../../Engine/Content/EditorMaterials/TilingAALineBoxFiltered.uasset" 386
"../../../Engine/Content/Functions/Engine_MaterialFunctions03/Procedurals/ComputeFilterWidth.uasset" 387
"../../../Engine/Content/EditorMaterials/TilingAADots.uasset" 388
"../../../Engine/Content/EditorMaterials/Cascade/CASC_Cross.uasset" 389
"../../../Engine/Content/EditorMaterials/Cascade/CASC_None.uasset" 390
"../../../Engine/Content/Functions/Engine_MaterialFunctions03/Blends/Blend_Screen.uasset" 391
"../../../Engine/Content/EditorMaterials/TilingAAGrid.uasset" 392
"../../../Engine/Content/EditorMaterials/LevelGridMaterial.uasset" 393
"../../../Engine/Content/EditorMaterials/MakeCompositeARGBLayer.uasset" 394
"../../../Engine/Content/EditorResources/LevelGrid1DStripes.uasset" 395
"../../../Engine/Content/EditorMaterials/TextureGridCascaded1D.uasset" 396
"../../../Engine/Content/EditorMaterials/TextureGridCascaded2D.uasset" 397
"../../../Engine/Content/EditorMaterials/LevelGridMaterial2.uasset" 398
"../../../Engine/Plugins/2D/Paper2D/Content/DummySprite.uasset" 399
"../../../Engine/Plugins/2D/Paper2D/Content/DefaultPaperTerrainMaterial.uasset" 400
"../../../Engine/Plugins/2D/Paper2D/Content/DefaultSpriteMaterial.uasset" 401
"../../../Engine/Plugins/2D/Paper2D/Content/MaskedUnlitSpriteMaterial.uasset" 402
"../../../Engine/Plugins/2D/Paper2D/Content/OpaqueUnlitSpriteMaterial.uasset" 403
"../../../Engine/Plugins/2D/Paper2D/Content/PlaceholderTextures/DummySpriteTexture.uasset" 404
"../../../Engine/Content/Maps/Entry.umap" 405
"../../../Demo_001/Content/Game/AI/BP_AIC_Enemy.uasset" 406
"../../../Demo_001/Content/Game/AI/E_AIStates.uasset" 407
"../../../Demo_001/Content/Game/AI/Tetrohdron/BB_Enemy_WTetrohdron.uasset" 408
"../../../Demo_001/Content/Game/AI/BTT_FindRandomPointInLoc.uasset" 409
"../../../Demo_001/Content/Game/AI/BTT_SetEnum.uasset" 410
"../../../Demo_001/Content/Game/AI/Tetrohdron/BTT_DoDeshAtSpot.uasset" 411
"../../../Demo_001/Content/Game/AI/Tetrohdron/BTT_Fire.uasset" 412
"../../../Demo_001/Content/Game/AI/TestPawn.uasset" 413
"../../../Demo_001/Content/Game/AI/EnemyBBContext.uasset" 414
"../../../Demo_001/Content/Game/AI/Tetrohdron/EQS_FindDeshSpot.uasset" 415
"../../../Demo_001/Content/Game/AI/Tetrohdron/BT_Enemy_Tetrohdron.uasset" 416
"../../../Demo_001/Content/Game/AI/Tetrohdron/BP_AIC_Tetrohdron.uasset" 417
"../../../Demo_001/Content/Game/Materials/M_Glass.uasset" 418
"../../../Demo_001/Content/Game/Meshs/AllmostEmptyMesh.uasset" 419
"../../../Demo_001/Content/Game/Meshs/WIcoSphere.uasset" 420
"../../../Demo_001/Content/Game/Particles/Mat/M_HitParticle.uasset" 421
"../../../Demo_001/Content/Game/Particles/Proj/P_EnergyBall_DestroyParticle.uasset" 422
"../../../Demo_001/Content/Game/Character/Weapons/Projectails/BP_EnergyBall.uasset" 423
"../../../Demo_001/Content/Game/Meshs/WTetrahdron.uasset" 424
"../../../Demo_001/Content/Game/Character/BP_Enemy_WTetrahdron.uasset" 425
"../../../Engine/Content/EngineSky/C_Sky_Cloud_Color.uasset" 426
"../../../Engine/Content/EngineSky/C_Sky_Horizon_Color.uasset" 427
"../../../Engine/Content/EngineSky/C_Sky_Zenith_Color.uasset" 428
"../../../Engine/Content/EngineSky/T_Sky_Blue.uasset" 429
"../../../Engine/Content/EngineSky/T_Sky_Clouds_M.uasset" 430
"../../../Engine/Content/EngineSky/T_Sky_Stars.uasset" 431
"../../../Engine/Content/EngineSky/M_Sky_Panning_Clouds2.uasset" 432
"../../../Engine/Content/EngineSky/SM_SkySphere.uasset" 433
"../../../Engine/Content/EngineSky/BP_Sky_Sphere.uasset" 434
"../../../Demo_001/Content/Game/Character/Weapons/Projectails/BP_BolvanBullet.uasset" 435
"../../../Demo_001/Content/ForTest/BP_ProjSpawner.uasset" 436
"../../../Engine/Content/BasicShapes/BasicShapeMaterial.uasset" 437
"../../../Engine/Content/BasicShapes/Cube.uasset" 438
"../../../Demo_001/Content/ForTest/MovingObject.uasset" 439
"../../../Demo_001/Content/Game/AI/Bolvan/BTS_CoverCheck.uasset" 440
"../../../Demo_001/Content/Game/AI/Bolvan/BTT_ChangeOccupiedStatus.uasset" 441
"../../../Demo_001/Content/Game/AI/Bolvan/BTT_FindCoverArrow.uasset" 442
"../../../Demo_001/Content/Game/AI/Icosphere/BTD_LineTraceLengthTest.uasset" 443
"../../../Demo_001/Content/Game/AI/Bolvan/CoverPointsGenerator.uasset" 444
"../../../Demo_001/Content/Game/AI/Bolvan/EQS_Context_NearestCoverDots.uasset" 445
"../../../Demo_001/Content/Game/AI/Bolvan/EQS_FindCoverSpot.uasset" 446
"../../../Demo_001/Content/Game/AI/Bolvan/EQS_FindFireSpotBolvan.uasset" 447
"../../../Demo_001/Content/Game/AI/Bolvan/BT_Bolvan.uasset" 448
"../../../Demo_001/Content/Game/AI/Bolvan/BP_AIC_Enemy_Bolvan.uasset" 449
"../../../Demo_001/Content/Game/Meshs/BolvanMesh_v2.uasset" 450
"../../../Demo_001/Content/Game/Character/BP_Enemy_Bolvan.uasset" 451
"../../../Demo_001/Content/Game/AI/Icosphere/BTT_IS_Shield.uasset" 452
"../../../Demo_001/Content/Game/AI/Icosphere/EQS_FindFireSpot_IcoSphere.uasset" 453
"../../../Demo_001/Content/Game/AI/Icosphere/BT_Icosphere.uasset" 454
"../../../Demo_001/Content/Game/AI/Icosphere/BP_AIC_Icosphere.uasset" 455
"../../../Demo_001/Content/Game/Meshs/SmallSphere.uasset" 456
"../../../Demo_001/Content/Game/Character/Weapons/Projectails/BP_SmallBall.uasset" 457
"../../../Demo_001/Content/Game/Components/BP_KritComponent.uasset" 458
"../../../Demo_001/Content/Game/Meshs/Mat/M_Shield.uasset" 459
"../../../Demo_001/Content/Game/Meshs/EnergyShield.uasset" 460
"../../../Demo_001/Content/Game/Components/BP_Shield.uasset" 461
"../../../Demo_001/Content/Game/Meshs/KritMesh.uasset" 462
"../../../Demo_001/Content/Game/Character/BP_Enemy_WIcoSphere.uasset" 463
"../../../Demo_001/Content/Game/Materials/M_SimpleColor.uasset" 464
"../../../Demo_001/Content/Game/Materials/M_SimpleColor_Inst.uasset" 465
"../../../Demo_001/Content/Game/Meshs/SM_LaserAmmo.uasset" 466
"../../../Demo_001/Content/Game/Levels/LevelsProps/AmmoLaserActor.uasset" 467
"../../../Demo_001/Content/Game/Meshs/SM_RifleAmmo.uasset" 468
"../../../Demo_001/Content/Game/Levels/LevelsProps/AmmoRifleActor.uasset" 469
"../../../Demo_001/Content/ExampleContent/Effects/ParticleSystems/P_electricity_arc_WOEnding.uasset" 470
"../../../Demo_001/Content/Game/Levels/LevelsProps/BP_CoverArrow.uasset" 471
"../../../Demo_001/Content/Game/Materials/M_Glass_Inst.uasset" 472
"../../../Demo_001/Content/Game/Meshs/SM_LongPlane.uasset" 473
"../../../Demo_001/Content/Game/Levels/LevelsProps/BP_Cover.uasset" 474
"../../../Demo_001/Content/Game/Levels/LevelsProps/BP_FloorLine.uasset" 475
"../../../Demo_001/Content/Game/Meshs/SM_Plus.uasset" 476
"../../../Demo_001/Content/Game/Levels/LevelsProps/HealActor.uasset" 477
"../../../Demo_001/Content/Game/Levels/LevelsProps/Wall.uasset" 478
"../../../Demo_001/Content/Game/Levels/Test_AI_BuiltData.uasset" 479
"../../../Demo_001/Content/Game/Levels/M_FloorTranslusent.uasset" 480
"../../../Demo_001/Content/Game/Levels/M_FloorTranslusent_Inst3.uasset" 481
"../../../Engine/Content/MapTemplates/SM_Template_Map_Floor.uasset" 482
"../../../Demo_001/Content/Game/Levels/Test_AI.umap" 483
